<?xml version="1.0" encoding="UTF-8"?>
<testng-results ignored="0" total="1" passed="1" failed="0" skipped="0">
  <reporter-output>
  </reporter-output>
  <suite started-at="2020-10-18T16:53:39 CEST" name="Default suite" finished-at="2020-10-18T16:54:21 CEST" duration-ms="41750">
    <groups>
    </groups>
    <test started-at="2020-10-18T16:53:39 CEST" name="Default test" finished-at="2020-10-18T16:54:21 CEST" duration-ms="41750">
      <class name="tests.PackageReminderAppTests">
        <test-method is-config="true" signature="setup()[pri:0, instance:tests.PackageReminderAppTests@1e730495]" started-at="2020-10-18T16:53:40 CEST" name="setup" finished-at="2020-10-18T16:53:54 CEST" duration-ms="14444" status="PASS">
          <reporter-output>
          </reporter-output>
        </test-method> <!-- setup -->
        <test-method signature="addReminderTestCheckMyPackages()[pri:1, instance:tests.PackageReminderAppTests@1e730495]" started-at="2020-10-18T16:53:54 CEST" name="addReminderTestCheckMyPackages" finished-at="2020-10-18T16:54:21 CEST" duration-ms="26674" status="PASS">
          <reporter-output>
          </reporter-output>
        </test-method> <!-- addReminderTestCheckMyPackages -->
        <test-method is-config="true" signature="teardown()[pri:0, instance:tests.PackageReminderAppTests@1e730495]" started-at="2020-10-18T16:54:21 CEST" name="teardown" finished-at="2020-10-18T16:54:21 CEST" duration-ms="588" status="PASS">
          <reporter-output>
          </reporter-output>
        </test-method> <!-- teardown -->
      </class> <!-- tests.PackageReminderAppTests -->
    </test> <!-- Default test -->
  </suite> <!-- Default suite -->
</testng-results>
